CRITICAL - 2024-06-17 12:05:01 --> Invalid file: header.php
#0 C:\xampp\htdocs\proyecto_Emilio_Barrios\system\View\View.php(198): CodeIgniter\Exceptions\FrameworkException::forInvalidFile('header.php')
#1 C:\xampp\htdocs\proyecto_Emilio_Barrios\system\Common.php(1089): CodeIgniter\View\View->render('header', Array, true)
#2 C:\xampp\htdocs\proyecto_Emilio_Barrios\app\Controllers\Usuario_controller.php(202): view('header', Array)
#3 C:\xampp\htdocs\proyecto_Emilio_Barrios\system\CodeIgniter.php(832): App\Controllers\Usuario_controller->usuarioEdit()
#4 C:\xampp\htdocs\proyecto_Emilio_Barrios\system\CodeIgniter.php(419): CodeIgniter\CodeIgniter->runController(Object(App\Controllers\Usuario_controller))
#5 C:\xampp\htdocs\proyecto_Emilio_Barrios\system\CodeIgniter.php(326): CodeIgniter\CodeIgniter->handleRequest(NULL, Object(Config\Cache), false)
#6 C:\xampp\htdocs\proyecto_Emilio_Barrios\index.php(45): CodeIgniter\CodeIgniter->run()
#7 {main}
CRITICAL - 2024-06-17 12:05:10 --> Invalid file: header.php
#0 C:\xampp\htdocs\proyecto_Emilio_Barrios\system\View\View.php(198): CodeIgniter\Exceptions\FrameworkException::forInvalidFile('header.php')
#1 C:\xampp\htdocs\proyecto_Emilio_Barrios\system\Common.php(1089): CodeIgniter\View\View->render('header', Array, true)
#2 C:\xampp\htdocs\proyecto_Emilio_Barrios\app\Controllers\Usuario_controller.php(202): view('header', Array)
#3 C:\xampp\htdocs\proyecto_Emilio_Barrios\system\CodeIgniter.php(832): App\Controllers\Usuario_controller->usuarioEdit()
#4 C:\xampp\htdocs\proyecto_Emilio_Barrios\system\CodeIgniter.php(419): CodeIgniter\CodeIgniter->runController(Object(App\Controllers\Usuario_controller))
#5 C:\xampp\htdocs\proyecto_Emilio_Barrios\system\CodeIgniter.php(326): CodeIgniter\CodeIgniter->handleRequest(NULL, Object(Config\Cache), false)
#6 C:\xampp\htdocs\proyecto_Emilio_Barrios\index.php(45): CodeIgniter\CodeIgniter->run()
#7 {main}
CRITICAL - 2024-06-17 12:11:23 --> Invalid file: header.php
#0 C:\xampp\htdocs\proyecto_Emilio_Barrios\system\View\View.php(198): CodeIgniter\Exceptions\FrameworkException::forInvalidFile('header.php')
#1 C:\xampp\htdocs\proyecto_Emilio_Barrios\system\Common.php(1089): CodeIgniter\View\View->render('header', Array, true)
#2 C:\xampp\htdocs\proyecto_Emilio_Barrios\app\Controllers\Usuario_controller.php(202): view('header', Array)
#3 C:\xampp\htdocs\proyecto_Emilio_Barrios\system\CodeIgniter.php(832): App\Controllers\Usuario_controller->usuarioEdit()
#4 C:\xampp\htdocs\proyecto_Emilio_Barrios\system\CodeIgniter.php(419): CodeIgniter\CodeIgniter->runController(Object(App\Controllers\Usuario_controller))
#5 C:\xampp\htdocs\proyecto_Emilio_Barrios\system\CodeIgniter.php(326): CodeIgniter\CodeIgniter->handleRequest(NULL, Object(Config\Cache), false)
#6 C:\xampp\htdocs\proyecto_Emilio_Barrios\index.php(45): CodeIgniter\CodeIgniter->run()
#7 {main}
CRITICAL - 2024-06-17 12:11:35 --> Invalid file: header.php
#0 C:\xampp\htdocs\proyecto_Emilio_Barrios\system\View\View.php(198): CodeIgniter\Exceptions\FrameworkException::forInvalidFile('header.php')
#1 C:\xampp\htdocs\proyecto_Emilio_Barrios\system\Common.php(1089): CodeIgniter\View\View->render('header', Array, true)
#2 C:\xampp\htdocs\proyecto_Emilio_Barrios\app\Controllers\Usuario_controller.php(202): view('header', Array)
#3 C:\xampp\htdocs\proyecto_Emilio_Barrios\system\CodeIgniter.php(832): App\Controllers\Usuario_controller->usuarioEdit()
#4 C:\xampp\htdocs\proyecto_Emilio_Barrios\system\CodeIgniter.php(419): CodeIgniter\CodeIgniter->runController(Object(App\Controllers\Usuario_controller))
#5 C:\xampp\htdocs\proyecto_Emilio_Barrios\system\CodeIgniter.php(326): CodeIgniter\CodeIgniter->handleRequest(NULL, Object(Config\Cache), false)
#6 C:\xampp\htdocs\proyecto_Emilio_Barrios\index.php(45): CodeIgniter\CodeIgniter->run()
#7 {main}
CRITICAL - 2024-06-17 12:18:09 --> syntax error, unexpected token "public"
#0 C:\xampp\htdocs\proyecto_Emilio_Barrios\system\Autoloader\Autoloader.php(241): CodeIgniter\Autoloader\Autoloader->includeFile('C:\\xampp\\htdocs...')
#1 C:\xampp\htdocs\proyecto_Emilio_Barrios\system\Autoloader\Autoloader.php(219): CodeIgniter\Autoloader\Autoloader->loadInNamespace('App\\Controllers...')
#2 [internal function]: CodeIgniter\Autoloader\Autoloader->loadClass('App\\Controllers...')
#3 C:\xampp\htdocs\proyecto_Emilio_Barrios\system\CodeIgniter.php(797): class_exists('\\App\\Controller...', true)
#4 C:\xampp\htdocs\proyecto_Emilio_Barrios\system\CodeIgniter.php(406): CodeIgniter\CodeIgniter->startController()
#5 C:\xampp\htdocs\proyecto_Emilio_Barrios\system\CodeIgniter.php(326): CodeIgniter\CodeIgniter->handleRequest(NULL, Object(Config\Cache), false)
#6 C:\xampp\htdocs\proyecto_Emilio_Barrios\index.php(45): CodeIgniter\CodeIgniter->run()
#7 {main}
CRITICAL - 2024-06-17 12:18:37 --> Invalid file: header.php
#0 C:\xampp\htdocs\proyecto_Emilio_Barrios\system\View\View.php(198): CodeIgniter\Exceptions\FrameworkException::forInvalidFile('header.php')
#1 C:\xampp\htdocs\proyecto_Emilio_Barrios\system\Common.php(1089): CodeIgniter\View\View->render('header', Array, true)
#2 C:\xampp\htdocs\proyecto_Emilio_Barrios\app\Controllers\Usuario_controller.php(197): view('header', Array)
#3 C:\xampp\htdocs\proyecto_Emilio_Barrios\system\CodeIgniter.php(832): App\Controllers\Usuario_controller->usuarioEdit()
#4 C:\xampp\htdocs\proyecto_Emilio_Barrios\system\CodeIgniter.php(419): CodeIgniter\CodeIgniter->runController(Object(App\Controllers\Usuario_controller))
#5 C:\xampp\htdocs\proyecto_Emilio_Barrios\system\CodeIgniter.php(326): CodeIgniter\CodeIgniter->handleRequest(NULL, Object(Config\Cache), false)
#6 C:\xampp\htdocs\proyecto_Emilio_Barrios\index.php(45): CodeIgniter\CodeIgniter->run()
#7 {main}
CRITICAL - 2024-06-17 12:40:41 --> Call to undefined method CodeIgniter\Session\Session::isLoggedIn()
#0 C:\xampp\htdocs\proyecto_Emilio_Barrios\system\View\View.php(210): include()
#1 C:\xampp\htdocs\proyecto_Emilio_Barrios\system\View\View.php(213): CodeIgniter\View\View->CodeIgniter\View\{closure}()
#2 C:\xampp\htdocs\proyecto_Emilio_Barrios\system\Common.php(1089): CodeIgniter\View\View->render('carrito/Product...', Array, true)
#3 C:\xampp\htdocs\proyecto_Emilio_Barrios\app\Controllers\Producto_controller.php(82): view('carrito/Product...', Array)
#4 C:\xampp\htdocs\proyecto_Emilio_Barrios\system\CodeIgniter.php(832): App\Controllers\Producto_controller->ProductosDisp()
#5 C:\xampp\htdocs\proyecto_Emilio_Barrios\system\CodeIgniter.php(419): CodeIgniter\CodeIgniter->runController(Object(App\Controllers\Producto_controller))
#6 C:\xampp\htdocs\proyecto_Emilio_Barrios\system\CodeIgniter.php(326): CodeIgniter\CodeIgniter->handleRequest(NULL, Object(Config\Cache), false)
#7 C:\xampp\htdocs\proyecto_Emilio_Barrios\index.php(45): CodeIgniter\CodeIgniter->run()
#8 {main}
CRITICAL - 2024-06-17 12:40:48 --> Call to undefined method CodeIgniter\Session\Session::isLoggedIn()
#0 C:\xampp\htdocs\proyecto_Emilio_Barrios\system\View\View.php(210): include()
#1 C:\xampp\htdocs\proyecto_Emilio_Barrios\system\View\View.php(213): CodeIgniter\View\View->CodeIgniter\View\{closure}()
#2 C:\xampp\htdocs\proyecto_Emilio_Barrios\system\Common.php(1089): CodeIgniter\View\View->render('carrito/Product...', Array, true)
#3 C:\xampp\htdocs\proyecto_Emilio_Barrios\app\Controllers\Producto_controller.php(82): view('carrito/Product...', Array)
#4 C:\xampp\htdocs\proyecto_Emilio_Barrios\system\CodeIgniter.php(832): App\Controllers\Producto_controller->ProductosDisp()
#5 C:\xampp\htdocs\proyecto_Emilio_Barrios\system\CodeIgniter.php(419): CodeIgniter\CodeIgniter->runController(Object(App\Controllers\Producto_controller))
#6 C:\xampp\htdocs\proyecto_Emilio_Barrios\system\CodeIgniter.php(326): CodeIgniter\CodeIgniter->handleRequest(NULL, Object(Config\Cache), false)
#7 C:\xampp\htdocs\proyecto_Emilio_Barrios\index.php(45): CodeIgniter\CodeIgniter->run()
#8 {main}
