ERROR - 2024-06-24 17:10:55 --> Error connecting to the database: No se puede establecer una conexión ya que el equipo de destino denegó expresamente dicha conexión
CRITICAL - 2024-06-24 17:10:55 --> Unable to connect to the database.
Main connection [MySQLi]: No se puede establecer una conexión ya que el equipo de destino denegó expresamente dicha conexión
#0 C:\xampp\htdocs\proyecto_Emilio_Barrios\system\Database\BaseConnection.php(577): CodeIgniter\Database\BaseConnection->initialize()
#1 C:\xampp\htdocs\proyecto_Emilio_Barrios\system\Database\BaseBuilder.php(1455): CodeIgniter\Database\BaseConnection->query('SELECT *\nFROM `...', Array, false)
#2 C:\xampp\htdocs\proyecto_Emilio_Barrios\system\Model.php(183): CodeIgniter\Database\BaseBuilder->get()
#3 C:\xampp\htdocs\proyecto_Emilio_Barrios\system\BaseModel.php(584): CodeIgniter\Model->doFindAll(0, 0)
#4 C:\xampp\htdocs\proyecto_Emilio_Barrios\app\Models\Productos_model.php(12): CodeIgniter\BaseModel->findAll()
#5 C:\xampp\htdocs\proyecto_Emilio_Barrios\app\Controllers\Producto_controller.php(79): App\Models\Productos_model->getProdBaja('NO')
#6 C:\xampp\htdocs\proyecto_Emilio_Barrios\system\CodeIgniter.php(832): App\Controllers\Producto_controller->ProductosDisp()
#7 C:\xampp\htdocs\proyecto_Emilio_Barrios\system\CodeIgniter.php(419): CodeIgniter\CodeIgniter->runController(Object(App\Controllers\Producto_controller))
#8 C:\xampp\htdocs\proyecto_Emilio_Barrios\system\CodeIgniter.php(326): CodeIgniter\CodeIgniter->handleRequest(NULL, Object(Config\Cache), false)
#9 C:\xampp\htdocs\proyecto_Emilio_Barrios\index.php(45): CodeIgniter\CodeIgniter->run()
#10 {main}
CRITICAL - 2024-06-24 20:01:56 --> Invalid file: header.php
#0 C:\xampp\htdocs\proyecto_Emilio_Barrios\system\View\View.php(198): CodeIgniter\Exceptions\FrameworkException::forInvalidFile('header.php')
#1 C:\xampp\htdocs\proyecto_Emilio_Barrios\system\Common.php(1089): CodeIgniter\View\View->render('header', Array, true)
#2 C:\xampp\htdocs\proyecto_Emilio_Barrios\app\Controllers\Usuario_controller.php(196): view('header', Array)
#3 C:\xampp\htdocs\proyecto_Emilio_Barrios\system\CodeIgniter.php(832): App\Controllers\Usuario_controller->usuarioEdit()
#4 C:\xampp\htdocs\proyecto_Emilio_Barrios\system\CodeIgniter.php(419): CodeIgniter\CodeIgniter->runController(Object(App\Controllers\Usuario_controller))
#5 C:\xampp\htdocs\proyecto_Emilio_Barrios\system\CodeIgniter.php(326): CodeIgniter\CodeIgniter->handleRequest(NULL, Object(Config\Cache), false)
#6 C:\xampp\htdocs\proyecto_Emilio_Barrios\index.php(45): CodeIgniter\CodeIgniter->run()
#7 {main}
CRITICAL - 2024-06-24 20:02:27 --> Invalid file: header.php
#0 C:\xampp\htdocs\proyecto_Emilio_Barrios\system\View\View.php(198): CodeIgniter\Exceptions\FrameworkException::forInvalidFile('header.php')
#1 C:\xampp\htdocs\proyecto_Emilio_Barrios\system\Common.php(1089): CodeIgniter\View\View->render('header', Array, true)
#2 C:\xampp\htdocs\proyecto_Emilio_Barrios\app\Controllers\Usuario_controller.php(195): view('header', Array)
#3 C:\xampp\htdocs\proyecto_Emilio_Barrios\system\CodeIgniter.php(832): App\Controllers\Usuario_controller->usuarioEdit()
#4 C:\xampp\htdocs\proyecto_Emilio_Barrios\system\CodeIgniter.php(419): CodeIgniter\CodeIgniter->runController(Object(App\Controllers\Usuario_controller))
#5 C:\xampp\htdocs\proyecto_Emilio_Barrios\system\CodeIgniter.php(326): CodeIgniter\CodeIgniter->handleRequest(NULL, Object(Config\Cache), false)
#6 C:\xampp\htdocs\proyecto_Emilio_Barrios\index.php(45): CodeIgniter\CodeIgniter->run()
#7 {main}
CRITICAL - 2024-06-24 20:03:03 --> Invalid file: cabecera.php
#0 C:\xampp\htdocs\proyecto_Emilio_Barrios\system\View\View.php(198): CodeIgniter\Exceptions\FrameworkException::forInvalidFile('cabecera.php')
#1 C:\xampp\htdocs\proyecto_Emilio_Barrios\system\Common.php(1089): CodeIgniter\View\View->render('cabecera', Array, true)
#2 C:\xampp\htdocs\proyecto_Emilio_Barrios\app\Controllers\Usuario_controller.php(195): view('cabecera', Array)
#3 C:\xampp\htdocs\proyecto_Emilio_Barrios\system\CodeIgniter.php(832): App\Controllers\Usuario_controller->usuarioEdit()
#4 C:\xampp\htdocs\proyecto_Emilio_Barrios\system\CodeIgniter.php(419): CodeIgniter\CodeIgniter->runController(Object(App\Controllers\Usuario_controller))
#5 C:\xampp\htdocs\proyecto_Emilio_Barrios\system\CodeIgniter.php(326): CodeIgniter\CodeIgniter->handleRequest(NULL, Object(Config\Cache), false)
#6 C:\xampp\htdocs\proyecto_Emilio_Barrios\index.php(45): CodeIgniter\CodeIgniter->run()
#7 {main}
CRITICAL - 2024-06-24 20:03:16 --> Invalid file: back/usuario/editoMisDatos_view.php
#0 C:\xampp\htdocs\proyecto_Emilio_Barrios\system\View\View.php(198): CodeIgniter\Exceptions\FrameworkException::forInvalidFile('back/usuario/ed...')
#1 C:\xampp\htdocs\proyecto_Emilio_Barrios\system\Common.php(1089): CodeIgniter\View\View->render('back/usuario/ed...', Array, true)
#2 C:\xampp\htdocs\proyecto_Emilio_Barrios\app\Controllers\Usuario_controller.php(196): view('back/usuario/ed...', Array)
#3 C:\xampp\htdocs\proyecto_Emilio_Barrios\system\CodeIgniter.php(832): App\Controllers\Usuario_controller->usuarioEdit()
#4 C:\xampp\htdocs\proyecto_Emilio_Barrios\system\CodeIgniter.php(419): CodeIgniter\CodeIgniter->runController(Object(App\Controllers\Usuario_controller))
#5 C:\xampp\htdocs\proyecto_Emilio_Barrios\system\CodeIgniter.php(326): CodeIgniter\CodeIgniter->handleRequest(NULL, Object(Config\Cache), false)
#6 C:\xampp\htdocs\proyecto_Emilio_Barrios\index.php(45): CodeIgniter\CodeIgniter->run()
#7 {main}
CRITICAL - 2024-06-24 20:03:48 --> Invalid file: usuario/editoMisDatos_view.php
#0 C:\xampp\htdocs\proyecto_Emilio_Barrios\system\View\View.php(198): CodeIgniter\Exceptions\FrameworkException::forInvalidFile('usuario/editoMi...')
#1 C:\xampp\htdocs\proyecto_Emilio_Barrios\system\Common.php(1089): CodeIgniter\View\View->render('usuario/editoMi...', Array, true)
#2 C:\xampp\htdocs\proyecto_Emilio_Barrios\app\Controllers\Usuario_controller.php(196): view('usuario/editoMi...', Array)
#3 C:\xampp\htdocs\proyecto_Emilio_Barrios\system\CodeIgniter.php(832): App\Controllers\Usuario_controller->usuarioEdit()
#4 C:\xampp\htdocs\proyecto_Emilio_Barrios\system\CodeIgniter.php(419): CodeIgniter\CodeIgniter->runController(Object(App\Controllers\Usuario_controller))
#5 C:\xampp\htdocs\proyecto_Emilio_Barrios\system\CodeIgniter.php(326): CodeIgniter\CodeIgniter->handleRequest(NULL, Object(Config\Cache), false)
#6 C:\xampp\htdocs\proyecto_Emilio_Barrios\index.php(45): CodeIgniter\CodeIgniter->run()
#7 {main}
CRITICAL - 2024-06-24 20:05:20 --> Undefined array key "pass"
#0 C:\xampp\htdocs\proyecto_Emilio_Barrios\app\Controllers\Usuario_controller.php(201): CodeIgniter\Debug\Exceptions->errorHandler(2, 'Undefined array...', 'C:\\xampp\\htdocs...', 201)
#1 C:\xampp\htdocs\proyecto_Emilio_Barrios\system\CodeIgniter.php(832): App\Controllers\Usuario_controller->usuarioEdit()
#2 C:\xampp\htdocs\proyecto_Emilio_Barrios\system\CodeIgniter.php(419): CodeIgniter\CodeIgniter->runController(Object(App\Controllers\Usuario_controller))
#3 C:\xampp\htdocs\proyecto_Emilio_Barrios\system\CodeIgniter.php(326): CodeIgniter\CodeIgniter->handleRequest(NULL, Object(Config\Cache), false)
#4 C:\xampp\htdocs\proyecto_Emilio_Barrios\index.php(45): CodeIgniter\CodeIgniter->run()
#5 {main}
