CRITICAL - 2024-06-25 18:45:03 --> Invalid file: templates/carousel.php
#0 C:\xampp\htdocs\proyecto_Emilio_Barrios\system\View\View.php(198): CodeIgniter\Exceptions\FrameworkException::forInvalidFile('templates/carou...')
#1 C:\xampp\htdocs\proyecto_Emilio_Barrios\system\Common.php(1089): CodeIgniter\View\View->render('templates/carou...', Array, true)
#2 C:\xampp\htdocs\proyecto_Emilio_Barrios\app\Controllers\Home.php(55): view('templates/carou...')
#3 C:\xampp\htdocs\proyecto_Emilio_Barrios\system\CodeIgniter.php(832): App\Controllers\Home->politicasPrivacidad()
#4 C:\xampp\htdocs\proyecto_Emilio_Barrios\system\CodeIgniter.php(419): CodeIgniter\CodeIgniter->runController(Object(App\Controllers\Home))
#5 C:\xampp\htdocs\proyecto_Emilio_Barrios\system\CodeIgniter.php(326): CodeIgniter\CodeIgniter->handleRequest(NULL, Object(Config\Cache), false)
#6 C:\xampp\htdocs\proyecto_Emilio_Barrios\index.php(45): CodeIgniter\CodeIgniter->run()
#7 {main}
CRITICAL - 2024-06-25 18:45:10 --> Invalid file: templates/carousel.php
#0 C:\xampp\htdocs\proyecto_Emilio_Barrios\system\View\View.php(198): CodeIgniter\Exceptions\FrameworkException::forInvalidFile('templates/carou...')
#1 C:\xampp\htdocs\proyecto_Emilio_Barrios\system\Common.php(1089): CodeIgniter\View\View->render('templates/carou...', Array, true)
#2 C:\xampp\htdocs\proyecto_Emilio_Barrios\app\Controllers\Home.php(55): view('templates/carou...')
#3 C:\xampp\htdocs\proyecto_Emilio_Barrios\system\CodeIgniter.php(832): App\Controllers\Home->politicasPrivacidad()
#4 C:\xampp\htdocs\proyecto_Emilio_Barrios\system\CodeIgniter.php(419): CodeIgniter\CodeIgniter->runController(Object(App\Controllers\Home))
#5 C:\xampp\htdocs\proyecto_Emilio_Barrios\system\CodeIgniter.php(326): CodeIgniter\CodeIgniter->handleRequest(NULL, Object(Config\Cache), false)
#6 C:\xampp\htdocs\proyecto_Emilio_Barrios\index.php(45): CodeIgniter\CodeIgniter->run()
#7 {main}
CRITICAL - 2024-06-25 18:45:25 --> Invalid file: templates/carousel.php
#0 C:\xampp\htdocs\proyecto_Emilio_Barrios\system\View\View.php(198): CodeIgniter\Exceptions\FrameworkException::forInvalidFile('templates/carou...')
#1 C:\xampp\htdocs\proyecto_Emilio_Barrios\system\Common.php(1089): CodeIgniter\View\View->render('templates/carou...', Array, true)
#2 C:\xampp\htdocs\proyecto_Emilio_Barrios\app\Controllers\Home.php(55): view('templates/carou...')
#3 C:\xampp\htdocs\proyecto_Emilio_Barrios\system\CodeIgniter.php(832): App\Controllers\Home->politicasPrivacidad()
#4 C:\xampp\htdocs\proyecto_Emilio_Barrios\system\CodeIgniter.php(419): CodeIgniter\CodeIgniter->runController(Object(App\Controllers\Home))
#5 C:\xampp\htdocs\proyecto_Emilio_Barrios\system\CodeIgniter.php(326): CodeIgniter\CodeIgniter->handleRequest(NULL, Object(Config\Cache), false)
#6 C:\xampp\htdocs\proyecto_Emilio_Barrios\index.php(45): CodeIgniter\CodeIgniter->run()
#7 {main}
CRITICAL - 2024-06-25 22:27:41 --> Undefined array key "perfil_id"
#0 C:\xampp\htdocs\proyecto_Emilio_Barrios\app\Controllers\Usuario_controller.php(144): CodeIgniter\Debug\Exceptions->errorHandler(2, 'Undefined array...', 'C:\\xampp\\htdocs...', 144)
#1 C:\xampp\htdocs\proyecto_Emilio_Barrios\system\CodeIgniter.php(832): App\Controllers\Usuario_controller->formValidationEdit()
#2 C:\xampp\htdocs\proyecto_Emilio_Barrios\system\CodeIgniter.php(419): CodeIgniter\CodeIgniter->runController(Object(App\Controllers\Usuario_controller))
#3 C:\xampp\htdocs\proyecto_Emilio_Barrios\system\CodeIgniter.php(326): CodeIgniter\CodeIgniter->handleRequest(NULL, Object(Config\Cache), false)
#4 C:\xampp\htdocs\proyecto_Emilio_Barrios\index.php(45): CodeIgniter\CodeIgniter->run()
#5 {main}
